
======================================================================
TEST SUMMARY
======================================================================

Total tests run:     15
Tests passed:        14 ✓
Tests failed:        1 ✗
Pass rate:           93.3%

======================================================================
FAILURE BREAKDOWN
======================================================================

Rectangle detection failures: 0
Line detection failures:      1
Exception failures:           0

======================================================================
FAILED TESTS DETAILS
======================================================================

1. Cross Pattern (cross_pattern)
   Error: Lines: expected 2, got 0

======================================================================
⚠️  MOSTLY PASSING (some failures)
======================================================================
