
======================================================================
TEST SUMMARY
======================================================================

Total tests run:     15
Tests passed:        13 ✓
Tests failed:        2 ✗
Pass rate:           86.7%

======================================================================
FAILURE BREAKDOWN
======================================================================

Rectangle detection failures: 1
Line detection failures:      1
Exception failures:           0

======================================================================
FAILED TESTS DETAILS
======================================================================

1. Cross Pattern (cross_pattern)
   Error: Lines: expected 2, got 0

2. Minimal Shapes (and single pixel) (small_shapes)
   Error: Rectangles: expected 1, got 2

======================================================================
⚠️  MOSTLY PASSING (some failures)
======================================================================
